<?xml version="1.0" encoding="UTF-8" ?>
<testsuite failures="0" time="0.001" errors="1" skipped="0" tests="1" name="resources.JobResourceTest">
  <properties>
    <property name="java.runtime.name" value="Java(TM) SE Runtime Environment"/>
    <property name="sun.boot.library.path" value="/usr/lib/jvm/jdk1.7.0/jre/lib/amd64"/>
    <property name="java.vm.version" value="21.0-b17"/>
    <property name="java.vm.vendor" value="Oracle Corporation"/>
    <property name="java.vendor.url" value="http://java.oracle.com/"/>
    <property name="path.separator" value=":"/>
    <property name="java.vm.name" value="Java HotSpot(TM) 64-Bit Server VM"/>
    <property name="file.encoding.pkg" value="sun.io"/>
    <property name="user.country" value="US"/>
    <property name="sun.java.launcher" value="SUN_STANDARD"/>
    <property name="sun.os.patch.level" value="unknown"/>
    <property name="java.vm.specification.name" value="Java Virtual Machine Specification"/>
    <property name="user.dir" value="/home/user5/IdeaProjects/hadoop-rest-api"/>
    <property name="java.runtime.version" value="1.7.0-b147"/>
    <property name="java.awt.graphicsenv" value="sun.awt.X11GraphicsEnvironment"/>
    <property name="basedir" value="/home/user5/IdeaProjects/hadoop-rest-api"/>
    <property name="java.endorsed.dirs" value="/usr/lib/jvm/jdk1.7.0/jre/lib/endorsed"/>
    <property name="os.arch" value="amd64"/>
    <property name="surefire.real.class.path" value="/tmp/surefirebooter8273714600525891403.jar"/>
    <property name="java.io.tmpdir" value="/tmp"/>
    <property name="line.separator" value="
"/>
    <property name="java.vm.specification.vendor" value="Oracle Corporation"/>
    <property name="os.name" value="Linux"/>
    <property name="sun.jnu.encoding" value="UTF-8"/>
    <property name="java.library.path" value="/home/user5/idea-IC-117.117/bin::/usr/java/packages/lib/amd64:/usr/lib64:/lib64:/lib:/usr/lib"/>
    <property name="surefire.test.class.path" value="/home/user5/IdeaProjects/hadoop-rest-api/target/test-classes:/home/user5/IdeaProjects/hadoop-rest-api/target/classes:/home/user5/.m2/repository/com/yammer/dropwizard/dropwizard-core/0.5.1/dropwizard-core-0.5.1.jar:/home/user5/.m2/repository/com/sun/jersey/jersey-core/1.13/jersey-core-1.13.jar:/home/user5/.m2/repository/com/sun/jersey/jersey-server/1.13/jersey-server-1.13.jar:/home/user5/.m2/repository/asm/asm/3.1/asm-3.1.jar:/home/user5/.m2/repository/com/sun/jersey/jersey-servlet/1.13/jersey-servlet-1.13.jar:/home/user5/.m2/repository/com/yammer/metrics/metrics-core/2.1.3/metrics-core-2.1.3.jar:/home/user5/.m2/repository/org/slf4j/slf4j-api/1.6.6/slf4j-api-1.6.6.jar:/home/user5/.m2/repository/com/yammer/metrics/metrics-servlet/2.1.3/metrics-servlet-2.1.3.jar:/home/user5/.m2/repository/org/codehaus/jackson/jackson-mapper-asl/1.9.9/jackson-mapper-asl-1.9.9.jar:/home/user5/.m2/repository/org/codehaus/jackson/jackson-core-asl/1.9.9/jackson-core-asl-1.9.9.jar:/home/user5/.m2/repository/com/yammer/metrics/metrics-jetty/2.1.3/metrics-jetty-2.1.3.jar:/home/user5/.m2/repository/org/eclipse/jetty/jetty-server/8.1.5.v20120716/jetty-server-8.1.5.v20120716.jar:/home/user5/.m2/repository/org/eclipse/jetty/orbit/javax.servlet/3.0.0.v201112011016/javax.servlet-3.0.0.v201112011016.jar:/home/user5/.m2/repository/org/eclipse/jetty/jetty-continuation/8.1.5.v20120716/jetty-continuation-8.1.5.v20120716.jar:/home/user5/.m2/repository/org/eclipse/jetty/jetty-http/8.1.5.v20120716/jetty-http-8.1.5.v20120716.jar:/home/user5/.m2/repository/org/eclipse/jetty/jetty-io/8.1.5.v20120716/jetty-io-8.1.5.v20120716.jar:/home/user5/.m2/repository/org/eclipse/jetty/jetty-util/8.1.5.v20120716/jetty-util-8.1.5.v20120716.jar:/home/user5/.m2/repository/com/yammer/metrics/metrics-logback/2.1.3/metrics-logback-2.1.3.jar:/home/user5/.m2/repository/ch/qos/logback/logback-core/1.0.6/logback-core-1.0.6.jar:/home/user5/.m2/repository/ch/qos/logback/logback-classic/1.0.6/logback-classic-1.0.6.jar:/home/user5/.m2/repository/com/yammer/metrics/metrics-jersey/2.1.3/metrics-jersey-2.1.3.jar:/home/user5/.m2/repository/com/yammer/metrics/metrics-annotation/2.1.3/metrics-annotation-2.1.3.jar:/home/user5/.m2/repository/org/codehaus/jackson/jackson-jaxrs/1.9.9/jackson-jaxrs-1.9.9.jar:/home/user5/.m2/repository/com/fasterxml/jackson/jackson-datatype-guava/1.9.1/jackson-datatype-guava-1.9.1.jar:/home/user5/.m2/repository/com/google/guava/guava/13.0/guava-13.0.jar:/home/user5/.m2/repository/com/google/code/findbugs/jsr305/2.0.1/jsr305-2.0.1.jar:/home/user5/.m2/repository/commons-cli/commons-cli/1.2/commons-cli-1.2.jar:/home/user5/.m2/repository/org/slf4j/jul-to-slf4j/1.6.6/jul-to-slf4j-1.6.6.jar:/home/user5/.m2/repository/org/slf4j/log4j-over-slf4j/1.6.6/log4j-over-slf4j-1.6.6.jar:/home/user5/.m2/repository/org/eclipse/jetty/jetty-servlet/8.1.5.v20120716/jetty-servlet-8.1.5.v20120716.jar:/home/user5/.m2/repository/org/eclipse/jetty/jetty-security/8.1.5.v20120716/jetty-security-8.1.5.v20120716.jar:/home/user5/.m2/repository/org/hibernate/hibernate-validator/4.3.0.Final/hibernate-validator-4.3.0.Final.jar:/home/user5/.m2/repository/javax/validation/validation-api/1.0.0.GA/validation-api-1.0.0.GA.jar:/home/user5/.m2/repository/org/jboss/logging/jboss-logging/3.1.0.CR2/jboss-logging-3.1.0.CR2.jar:/home/user5/.m2/repository/org/yaml/snakeyaml/1.10/snakeyaml-1.10.jar:/home/user5/.m2/repository/org/apache/hadoop/hadoop-core/1.0.1/hadoop-core-1.0.1.jar:/home/user5/.m2/repository/xmlenc/xmlenc/0.52/xmlenc-0.52.jar:/home/user5/.m2/repository/commons-httpclient/commons-httpclient/3.0.1/commons-httpclient-3.0.1.jar:/home/user5/.m2/repository/junit/junit/4.8.2/junit-4.8.2.jar:/home/user5/.m2/repository/commons-logging/commons-logging/1.0.3/commons-logging-1.0.3.jar:/home/user5/.m2/repository/commons-codec/commons-codec/1.4/commons-codec-1.4.jar:/home/user5/.m2/repository/org/apache/commons/commons-math/2.1/commons-math-2.1.jar:/home/user5/.m2/repository/commons-configuration/commons-configuration/1.6/commons-configuration-1.6.jar:/home/user5/.m2/repository/commons-collections/commons-collections/3.2.1/commons-collections-3.2.1.jar:/home/user5/.m2/repository/commons-lang/commons-lang/2.4/commons-lang-2.4.jar:/home/user5/.m2/repository/commons-digester/commons-digester/1.8/commons-digester-1.8.jar:/home/user5/.m2/repository/commons-beanutils/commons-beanutils/1.7.0/commons-beanutils-1.7.0.jar:/home/user5/.m2/repository/commons-beanutils/commons-beanutils-core/1.8.0/commons-beanutils-core-1.8.0.jar:/home/user5/.m2/repository/commons-net/commons-net/1.4.1/commons-net-1.4.1.jar:/home/user5/.m2/repository/oro/oro/2.0.8/oro-2.0.8.jar:/home/user5/.m2/repository/org/mortbay/jetty/jetty/6.1.26/jetty-6.1.26.jar:/home/user5/.m2/repository/org/mortbay/jetty/jetty-util/6.1.26/jetty-util-6.1.26.jar:/home/user5/.m2/repository/org/mortbay/jetty/servlet-api/2.5-20081211/servlet-api-2.5-20081211.jar:/home/user5/.m2/repository/tomcat/jasper-runtime/5.5.12/jasper-runtime-5.5.12.jar:/home/user5/.m2/repository/tomcat/jasper-compiler/5.5.12/jasper-compiler-5.5.12.jar:/home/user5/.m2/repository/org/mortbay/jetty/jsp-api-2.1/6.1.14/jsp-api-2.1-6.1.14.jar:/home/user5/.m2/repository/org/mortbay/jetty/servlet-api-2.5/6.1.14/servlet-api-2.5-6.1.14.jar:/home/user5/.m2/repository/org/mortbay/jetty/jsp-2.1/6.1.14/jsp-2.1-6.1.14.jar:/home/user5/.m2/repository/org/eclipse/jdt/core/3.1.1/core-3.1.1.jar:/home/user5/.m2/repository/ant/ant/1.6.5/ant-1.6.5.jar:/home/user5/.m2/repository/commons-el/commons-el/1.0/commons-el-1.0.jar:/home/user5/.m2/repository/net/java/dev/jets3t/jets3t/0.7.1/jets3t-0.7.1.jar:/home/user5/.m2/repository/net/sf/kosmosfs/kfs/0.3/kfs-0.3.jar:/home/user5/.m2/repository/hsqldb/hsqldb/1.8.0.10/hsqldb-1.8.0.10.jar:"/>
    <property name="java.specification.name" value="Java Platform API Specification"/>
    <property name="java.class.version" value="51.0"/>
    <property name="sun.management.compiler" value="HotSpot 64-Bit Tiered Compilers"/>
    <property name="os.version" value="3.0.0-19-generic"/>
    <property name="user.home" value="/home/user5"/>
    <property name="user.timezone" value=""/>
    <property name="java.awt.printerjob" value="sun.print.PSPrinterJob"/>
    <property name="file.encoding" value="UTF-8"/>
    <property name="java.specification.version" value="1.7"/>
    <property name="user.name" value="user5"/>
    <property name="java.class.path" value="/home/user5/IdeaProjects/hadoop-rest-api/target/test-classes:/home/user5/IdeaProjects/hadoop-rest-api/target/classes:/home/user5/.m2/repository/com/yammer/dropwizard/dropwizard-core/0.5.1/dropwizard-core-0.5.1.jar:/home/user5/.m2/repository/com/sun/jersey/jersey-core/1.13/jersey-core-1.13.jar:/home/user5/.m2/repository/com/sun/jersey/jersey-server/1.13/jersey-server-1.13.jar:/home/user5/.m2/repository/asm/asm/3.1/asm-3.1.jar:/home/user5/.m2/repository/com/sun/jersey/jersey-servlet/1.13/jersey-servlet-1.13.jar:/home/user5/.m2/repository/com/yammer/metrics/metrics-core/2.1.3/metrics-core-2.1.3.jar:/home/user5/.m2/repository/org/slf4j/slf4j-api/1.6.6/slf4j-api-1.6.6.jar:/home/user5/.m2/repository/com/yammer/metrics/metrics-servlet/2.1.3/metrics-servlet-2.1.3.jar:/home/user5/.m2/repository/org/codehaus/jackson/jackson-mapper-asl/1.9.9/jackson-mapper-asl-1.9.9.jar:/home/user5/.m2/repository/org/codehaus/jackson/jackson-core-asl/1.9.9/jackson-core-asl-1.9.9.jar:/home/user5/.m2/repository/com/yammer/metrics/metrics-jetty/2.1.3/metrics-jetty-2.1.3.jar:/home/user5/.m2/repository/org/eclipse/jetty/jetty-server/8.1.5.v20120716/jetty-server-8.1.5.v20120716.jar:/home/user5/.m2/repository/org/eclipse/jetty/orbit/javax.servlet/3.0.0.v201112011016/javax.servlet-3.0.0.v201112011016.jar:/home/user5/.m2/repository/org/eclipse/jetty/jetty-continuation/8.1.5.v20120716/jetty-continuation-8.1.5.v20120716.jar:/home/user5/.m2/repository/org/eclipse/jetty/jetty-http/8.1.5.v20120716/jetty-http-8.1.5.v20120716.jar:/home/user5/.m2/repository/org/eclipse/jetty/jetty-io/8.1.5.v20120716/jetty-io-8.1.5.v20120716.jar:/home/user5/.m2/repository/org/eclipse/jetty/jetty-util/8.1.5.v20120716/jetty-util-8.1.5.v20120716.jar:/home/user5/.m2/repository/com/yammer/metrics/metrics-logback/2.1.3/metrics-logback-2.1.3.jar:/home/user5/.m2/repository/ch/qos/logback/logback-core/1.0.6/logback-core-1.0.6.jar:/home/user5/.m2/repository/ch/qos/logback/logback-classic/1.0.6/logback-classic-1.0.6.jar:/home/user5/.m2/repository/com/yammer/metrics/metrics-jersey/2.1.3/metrics-jersey-2.1.3.jar:/home/user5/.m2/repository/com/yammer/metrics/metrics-annotation/2.1.3/metrics-annotation-2.1.3.jar:/home/user5/.m2/repository/org/codehaus/jackson/jackson-jaxrs/1.9.9/jackson-jaxrs-1.9.9.jar:/home/user5/.m2/repository/com/fasterxml/jackson/jackson-datatype-guava/1.9.1/jackson-datatype-guava-1.9.1.jar:/home/user5/.m2/repository/com/google/guava/guava/13.0/guava-13.0.jar:/home/user5/.m2/repository/com/google/code/findbugs/jsr305/2.0.1/jsr305-2.0.1.jar:/home/user5/.m2/repository/commons-cli/commons-cli/1.2/commons-cli-1.2.jar:/home/user5/.m2/repository/org/slf4j/jul-to-slf4j/1.6.6/jul-to-slf4j-1.6.6.jar:/home/user5/.m2/repository/org/slf4j/log4j-over-slf4j/1.6.6/log4j-over-slf4j-1.6.6.jar:/home/user5/.m2/repository/org/eclipse/jetty/jetty-servlet/8.1.5.v20120716/jetty-servlet-8.1.5.v20120716.jar:/home/user5/.m2/repository/org/eclipse/jetty/jetty-security/8.1.5.v20120716/jetty-security-8.1.5.v20120716.jar:/home/user5/.m2/repository/org/hibernate/hibernate-validator/4.3.0.Final/hibernate-validator-4.3.0.Final.jar:/home/user5/.m2/repository/javax/validation/validation-api/1.0.0.GA/validation-api-1.0.0.GA.jar:/home/user5/.m2/repository/org/jboss/logging/jboss-logging/3.1.0.CR2/jboss-logging-3.1.0.CR2.jar:/home/user5/.m2/repository/org/yaml/snakeyaml/1.10/snakeyaml-1.10.jar:/home/user5/.m2/repository/org/apache/hadoop/hadoop-core/1.0.1/hadoop-core-1.0.1.jar:/home/user5/.m2/repository/xmlenc/xmlenc/0.52/xmlenc-0.52.jar:/home/user5/.m2/repository/commons-httpclient/commons-httpclient/3.0.1/commons-httpclient-3.0.1.jar:/home/user5/.m2/repository/junit/junit/4.8.2/junit-4.8.2.jar:/home/user5/.m2/repository/commons-logging/commons-logging/1.0.3/commons-logging-1.0.3.jar:/home/user5/.m2/repository/commons-codec/commons-codec/1.4/commons-codec-1.4.jar:/home/user5/.m2/repository/org/apache/commons/commons-math/2.1/commons-math-2.1.jar:/home/user5/.m2/repository/commons-configuration/commons-configuration/1.6/commons-configuration-1.6.jar:/home/user5/.m2/repository/commons-collections/commons-collections/3.2.1/commons-collections-3.2.1.jar:/home/user5/.m2/repository/commons-lang/commons-lang/2.4/commons-lang-2.4.jar:/home/user5/.m2/repository/commons-digester/commons-digester/1.8/commons-digester-1.8.jar:/home/user5/.m2/repository/commons-beanutils/commons-beanutils/1.7.0/commons-beanutils-1.7.0.jar:/home/user5/.m2/repository/commons-beanutils/commons-beanutils-core/1.8.0/commons-beanutils-core-1.8.0.jar:/home/user5/.m2/repository/commons-net/commons-net/1.4.1/commons-net-1.4.1.jar:/home/user5/.m2/repository/oro/oro/2.0.8/oro-2.0.8.jar:/home/user5/.m2/repository/org/mortbay/jetty/jetty/6.1.26/jetty-6.1.26.jar:/home/user5/.m2/repository/org/mortbay/jetty/jetty-util/6.1.26/jetty-util-6.1.26.jar:/home/user5/.m2/repository/org/mortbay/jetty/servlet-api/2.5-20081211/servlet-api-2.5-20081211.jar:/home/user5/.m2/repository/tomcat/jasper-runtime/5.5.12/jasper-runtime-5.5.12.jar:/home/user5/.m2/repository/tomcat/jasper-compiler/5.5.12/jasper-compiler-5.5.12.jar:/home/user5/.m2/repository/org/mortbay/jetty/jsp-api-2.1/6.1.14/jsp-api-2.1-6.1.14.jar:/home/user5/.m2/repository/org/mortbay/jetty/servlet-api-2.5/6.1.14/servlet-api-2.5-6.1.14.jar:/home/user5/.m2/repository/org/mortbay/jetty/jsp-2.1/6.1.14/jsp-2.1-6.1.14.jar:/home/user5/.m2/repository/org/eclipse/jdt/core/3.1.1/core-3.1.1.jar:/home/user5/.m2/repository/ant/ant/1.6.5/ant-1.6.5.jar:/home/user5/.m2/repository/commons-el/commons-el/1.0/commons-el-1.0.jar:/home/user5/.m2/repository/net/java/dev/jets3t/jets3t/0.7.1/jets3t-0.7.1.jar:/home/user5/.m2/repository/net/sf/kosmosfs/kfs/0.3/kfs-0.3.jar:/home/user5/.m2/repository/hsqldb/hsqldb/1.8.0.10/hsqldb-1.8.0.10.jar:"/>
    <property name="java.vm.specification.version" value="1.7"/>
    <property name="sun.arch.data.model" value="64"/>
    <property name="java.home" value="/usr/lib/jvm/jdk1.7.0/jre"/>
    <property name="sun.java.command" value="/tmp/surefirebooter8273714600525891403.jar /tmp/surefire2372325648683550428tmp /tmp/surefire6734030624451925515tmp"/>
    <property name="java.specification.vendor" value="Oracle Corporation"/>
    <property name="user.language" value="en"/>
    <property name="awt.toolkit" value="sun.awt.X11.XToolkit"/>
    <property name="java.vm.info" value="mixed mode"/>
    <property name="java.version" value="1.7.0"/>
    <property name="java.ext.dirs" value="/usr/lib/jvm/jdk1.7.0/jre/lib/ext:/usr/java/packages/lib/ext"/>
    <property name="sun.boot.class.path" value="/usr/lib/jvm/jdk1.7.0/jre/lib/resources.jar:/usr/lib/jvm/jdk1.7.0/jre/lib/rt.jar:/usr/lib/jvm/jdk1.7.0/jre/lib/sunrsasign.jar:/usr/lib/jvm/jdk1.7.0/jre/lib/jsse.jar:/usr/lib/jvm/jdk1.7.0/jre/lib/jce.jar:/usr/lib/jvm/jdk1.7.0/jre/lib/charsets.jar:/usr/lib/jvm/jdk1.7.0/jre/classes"/>
    <property name="java.vendor" value="Oracle Corporation"/>
    <property name="localRepository" value="/home/user5/.m2/repository"/>
    <property name="file.separator" value="/"/>
    <property name="java.vendor.url.bug" value="http://bugreport.sun.com/bugreport/"/>
    <property name="sun.cpu.endian" value="little"/>
    <property name="sun.io.unicode.encoding" value="UnicodeLittle"/>
    <property name="sun.desktop" value="gnome"/>
    <property name="sun.cpu.isalist" value=""/>
  </properties>
  <testcase time="0" classname="resources.JobResourceTest" name="initializationError">
    <error message="No runnable methods" type="java.lang.Exception">java.lang.Exception: No runnable methods
	at org.junit.runners.BlockJUnit4ClassRunner.validateInstanceMethods(BlockJUnit4ClassRunner.java:177)
	at org.junit.runners.BlockJUnit4ClassRunner.collectInitializationErrors(BlockJUnit4ClassRunner.java:122)
	at org.junit.runners.ParentRunner.validate(ParentRunner.java:269)
	at org.junit.runners.ParentRunner.&lt;init&gt;(ParentRunner.java:66)
	at org.junit.runners.BlockJUnit4ClassRunner.&lt;init&gt;(BlockJUnit4ClassRunner.java:58)
	at org.junit.internal.builders.JUnit4Builder.runnerForClass(JUnit4Builder.java:13)
	at org.junit.runners.model.RunnerBuilder.safeRunnerForClass(RunnerBuilder.java:57)
	at org.junit.internal.builders.AllDefaultPossibilitiesBuilder.runnerForClass(AllDefaultPossibilitiesBuilder.java:29)
	at org.junit.runners.model.RunnerBuilder.safeRunnerForClass(RunnerBuilder.java:57)
	at org.junit.internal.requests.ClassRequest.getRunner(ClassRequest.java:24)
	at org.apache.maven.surefire.junit4.JUnit4TestSet.&lt;init&gt;(JUnit4TestSet.java:45)
	at org.apache.maven.surefire.junit4.JUnit4DirectoryTestSuite.createTestSet(JUnit4DirectoryTestSuite.java:56)
	at org.apache.maven.surefire.suite.AbstractDirectoryTestSuite.locateTestSets(AbstractDirectoryTestSuite.java:96)
	at org.apache.maven.surefire.Surefire.createSuiteFromDefinition(Surefire.java:209)
	at org.apache.maven.surefire.Surefire.run(Surefire.java:156)
	at sun.reflect.NativeMethodAccessorImpl.invoke0(Native Method)
	at sun.reflect.NativeMethodAccessorImpl.invoke(NativeMethodAccessorImpl.java:57)
	at sun.reflect.DelegatingMethodAccessorImpl.invoke(DelegatingMethodAccessorImpl.java:43)
	at java.lang.reflect.Method.invoke(Method.java:601)
	at org.apache.maven.surefire.booter.SurefireBooter.runSuitesInProcess(SurefireBooter.java:345)
	at org.apache.maven.surefire.booter.SurefireBooter.main(SurefireBooter.java:1009)
</error>
  </testcase>
</testsuite>